<?xml version="1.0" encoding="UTF-8"?>
<testng-results skipped="0" failed="0" ignored="0" total="1" passed="1">
  <reporter-output>
  </reporter-output>
  <suite name="Suite" duration-ms="71728" started-at="2020-09-09T00:13:20 IST" finished-at="2020-09-09T00:14:31 IST">
    <groups>
    </groups>
    <test name="Test" duration-ms="71728" started-at="2020-09-09T00:13:20 IST" finished-at="2020-09-09T00:14:31 IST">
      <class name="com.HRMS.TestScripts.LoginTest">
        <test-method status="PASS" signature="beforeClass()[pri:0, instance:com.HRMS.TestScripts.LoginTest@491666ad]" name="beforeClass" is-config="true" duration-ms="55917" started-at="2020-09-09T00:13:20 IST" finished-at="2020-09-09T00:14:16 IST">
          <reporter-output>
          </reporter-output>
        </test-method> <!-- beforeClass -->
        <test-method status="PASS" signature="loginValidate()[pri:0, instance:com.HRMS.TestScripts.LoginTest@491666ad]" name="loginValidate" duration-ms="13426" started-at="2020-09-09T00:14:16 IST" finished-at="2020-09-09T00:14:29 IST">
          <reporter-output>
          </reporter-output>
        </test-method> <!-- loginValidate -->
        <test-method status="PASS" signature="afterClass()[pri:0, instance:com.HRMS.TestScripts.LoginTest@491666ad]" name="afterClass" is-config="true" duration-ms="2105" started-at="2020-09-09T00:14:29 IST" finished-at="2020-09-09T00:14:31 IST">
          <reporter-output>
          </reporter-output>
        </test-method> <!-- afterClass -->
      </class> <!-- com.HRMS.TestScripts.LoginTest -->
    </test> <!-- Test -->
  </suite> <!-- Suite -->
</testng-results>
